[  1/200] running acc=0.000 | 4s (3.7s/ex)
[ 10/200] running acc=0.300 | 57s (5.7s/ex)
[ 20/200] running acc=0.400 | 139s (6.9s/ex)
[ 30/200] running acc=0.367 | 222s (7.4s/ex)
[ 40/200] running acc=0.375 | 316s (7.9s/ex)
[ 50/200] running acc=0.320 | 399s (8.0s/ex)
[ 60/200] running acc=0.350 | 470s (7.8s/ex)
[ 70/200] running acc=0.343 | 548s (7.8s/ex)
[ 80/200] running acc=0.375 | 659s (8.2s/ex)
[ 90/200] running acc=0.378 | 747s (8.3s/ex)
[100/200] running acc=0.370 | 840s (8.4s/ex)
[110/200] running acc=0.355 | 926s (8.4s/ex)
[120/200] running acc=0.358 | 1028s (8.6s/ex)
[130/200] running acc=0.354 | 1090s (8.4s/ex)
[140/200] running acc=0.357 | 1185s (8.5s/ex)
[150/200] running acc=0.333 | 1277s (8.5s/ex)
[160/200] running acc=0.344 | 1338s (8.4s/ex)
[170/200] running acc=0.335 | 1432s (8.4s/ex)
[180/200] running acc=0.339 | 1502s (8.3s/ex)
[190/200] running acc=0.332 | 1568s (8.3s/ex)
[200/200] running acc=0.320 | 1636s (8.2s/ex)
  [1/136] last: cat=REASONING mm=False ocr=0.9350982795786814
  [5/136] last: cat=REASONING mm=False ocr=0.888888888888889
  [10/136] last: cat=REASONING mm=False ocr=0.9685664663601502
  [15/136] last: cat=REASONING mm=False ocr=0.960409763886131
  [20/136] last: cat=REASONING mm=False ocr=0.9857021539394432
  [25/136] last: cat=REASONING mm=False ocr=0.9184149184149185
  [30/136] last: cat=REASONING mm=False ocr=0.966214171346489
  [35/136] last: cat=REASONING mm=False ocr=0.9673102505800888
  [40/136] last: cat=REASONING mm=False ocr=0.9733733503029399
  [45/136] last: cat=REASONING mm=False ocr=0.898989898989899
  [50/136] last: cat=REASONING mm=True ocr=0.5
  [55/136] last: cat=DIAGRAM_SPATIAL mm=True ocr=0.9544441810654511
  [60/136] last: cat=REASONING mm=False ocr=0.991813080541168
  [65/136] last: cat=REASONING mm=False ocr=0.9862549046120485
  [70/136] last: cat=REASONING mm=False ocr=0.9230769230769231
  [75/136] last: cat=REASONING mm=False ocr=0.9640943779073089
  [80/136] last: cat=REASONING mm=False ocr=0.8514285714285714
  [85/136] last: cat=REASONING mm=False ocr=0.9792326127419491
  [90/136] last: cat=REASONING mm=False ocr=0.9561085441060945
  [95/136] last: cat=REASONING mm=False ocr=0.9028090224633463
  [100/136] last: cat=REASONING mm=False ocr=0.8546031746031746
  [105/136] last: cat=REASONING mm=False ocr=0.9534824661016611
  [110/136] last: cat=REASONING mm=False ocr=0.9230769230769231
  [115/136] last: cat=REASONING mm=False ocr=0.8571428571428571
  [120/136] last: cat=REASONING mm=False ocr=0.9325514644577007
  [125/136] last: cat=REASONING mm=False ocr=0.9733572037341084
  [130/136] last: cat=REASONING mm=False ocr=0.9686442402189911
  [135/136] last: cat=REASONING mm=False ocr=0.9842913378099658
