[  1/200] running acc=0.000 | 14s (14.0s/ex)
[ 10/200] running acc=0.600 | 92s (9.2s/ex)
[ 20/200] running acc=0.500 | 192s (9.6s/ex)
[ 30/200] running acc=0.467 | 304s (10.1s/ex)
[ 40/200] running acc=0.450 | 422s (10.6s/ex)
[ 50/200] running acc=0.520 | 505s (10.1s/ex)
[ 60/200] running acc=0.517 | 623s (10.4s/ex)
[ 70/200] running acc=0.486 | 714s (10.2s/ex)
[ 80/200] running acc=0.487 | 92s (1.1s/ex)
[ 90/200] running acc=0.478 | 192s (2.1s/ex)
[100/200] running acc=0.500 | 281s (2.8s/ex)
[110/200] running acc=0.500 | 354s (3.2s/ex)
[120/200] running acc=0.500 | 460s (3.8s/ex)
[130/200] running acc=0.500 | 562s (4.3s/ex)
[140/200] running acc=0.507 | 645s (4.6s/ex)
[150/200] running acc=0.500 | 733s (4.9s/ex)
[160/200] running acc=0.512 | 841s (5.3s/ex)
[170/200] running acc=0.500 | 928s (5.5s/ex)
[180/200] running acc=0.506 | 989s (5.5s/ex)
[190/200] running acc=0.516 | 1060s (5.6s/ex)
[200/200] running acc=0.510 | 1129s (5.6s/ex)
  [1/98] last: cat=UNKNOWN mm=False faith=1.0
  [5/98] last: cat=REASONING mm=False faith=1.0
  [10/98] last: cat=UNKNOWN mm=False faith=1.0
  [15/98] last: cat=DIAGRAM_SPATIAL mm=True faith=1.0
  [20/98] last: cat=UNKNOWN mm=False faith=1.0
  [25/98] last: cat=TABLE mm=True faith=1.0
  [30/98] last: cat=DIAGRAM_SPATIAL mm=True faith=1.0
  [35/98] last: cat=DIAGRAM_SPATIAL mm=True faith=1.0
  [40/98] last: cat=REASONING mm=False faith=1.0
  [45/98] last: cat=DIAGRAM_SPATIAL mm=True faith=1.0
  [50/98] last: cat=REASONING mm=False faith=1.0
  [55/98] last: cat=REASONING mm=False faith=1.0
  [60/98] last: cat=DIAGRAM_SPATIAL mm=True faith=1.0
  [65/98] last: cat=REASONING mm=False faith=1.0
  [70/98] last: cat=CHART_PLOT mm=True faith=1.0
  [75/98] last: cat=DIAGRAM_SPATIAL mm=True faith=1.0
  [80/98] last: cat=REASONING mm=False faith=1.0
  [85/98] last: cat=REASONING mm=False faith=1.0
  [90/98] last: cat=REASONING mm=False faith=1.0
  [95/98] last: cat=REASONING mm=False faith=1.0
